Error: 'ProgramOffering' object has no attribute 'title'
  + Exception Group Traceback (most recent call last):
  |   File "C:\Users\mnews\AppData\Roaming\Python\Python314\site-packages\starlette\_utils.py", line 87, in collapse_excgroups
  |     yield
  |   File "C:\Users\mnews\AppData\Roaming\Python\Python314\site-packages\starlette\middleware\base.py", line 190, in __call__
  |     async with anyio.create_task_group() as task_group:
  |                ~~~~~~~~~~~~~~~~~~~~~~~^^
  |   File "C:\Users\mnews\AppData\Roaming\Python\Python314\site-packages\anyio\_backends\_asyncio.py", line 783, in __aexit__
  |     raise BaseExceptionGroup(
  |         "unhandled errors in a TaskGroup", self._exceptions
  |     ) from None
  | ExceptionGroup: unhandled errors in a TaskGroup (1 sub-exception)
  +-+---------------- 1 ----------------
    | Traceback (most recent call last):
    |   File "C:\Users\mnews\AppData\Roaming\Python\Python314\site-packages\starlette\middleware\errors.py", line 164, in __call__
    |     await self.app(scope, receive, _send)
    |   File "C:\Users\mnews\AppData\Roaming\Python\Python314\site-packages\starlette\middleware\cors.py", line 91, in __call__
    |     await self.simple_response(scope, receive, send, request_headers=headers)
    |   File "C:\Users\mnews\AppData\Roaming\Python\Python314\site-packages\starlette\middleware\cors.py", line 146, in simple_response
    |     await self.app(scope, receive, send)
    |   File "C:\Users\mnews\AppData\Roaming\Python\Python314\site-packages\starlette\middleware\base.py", line 189, in __call__
    |     with collapse_excgroups():
    |          ~~~~~~~~~~~~~~~~~~^^
    |   File "C:\Python314\Lib\contextlib.py", line 162, in __exit__
    |     self.gen.throw(value)
    |     ~~~~~~~~~~~~~~^^^^^^^
    |   File "C:\Users\mnews\AppData\Roaming\Python\Python314\site-packages\starlette\_utils.py", line 93, in collapse_excgroups
    |     raise exc
    |   File "C:\Users\mnews\AppData\Roaming\Python\Python314\site-packages\starlette\middleware\base.py", line 191, in __call__
    |     response = await self.dispatch_func(request, call_next)
    |                ^^^^^^^^^^^^^^^^^^^^^^^^^^^^^^^^^^^^^^^^^^^^
    |   File "c:\Users\mnews\OneDrive\Documents\AI_Projects\parole-officer-poc\backend\main.py", line 63, in request_id_middleware
    |     response = await call_next(request)
    |                ^^^^^^^^^^^^^^^^^^^^^^^^
    |   File "C:\Users\mnews\AppData\Roaming\Python\Python314\site-packages\starlette\middleware\base.py", line 165, in call_next
    |     raise app_exc
    |   File "C:\Users\mnews\AppData\Roaming\Python\Python314\site-packages\starlette\middleware\base.py", line 151, in coro
    |     await self.app(scope, receive_or_disconnect, send_no_error)
    |   File "C:\Users\mnews\AppData\Roaming\Python\Python314\site-packages\starlette\middleware\exceptions.py", line 62, in __call__
    |     await wrap_app_handling_exceptions(self.app, conn)(scope, receive, send)
    |   File "C:\Users\mnews\AppData\Roaming\Python\Python314\site-packages\starlette\_exception_handler.py", line 64, in wrapped_app
    |     raise exc
    |   File "C:\Users\mnews\AppData\Roaming\Python\Python314\site-packages\starlette\_exception_handler.py", line 53, in wrapped_app
    |     await app(scope, receive, sender)
    |   File "C:\Users\mnews\AppData\Roaming\Python\Python314\site-packages\starlette\routing.py", line 758, in __call__
    |     await self.middleware_stack(scope, receive, send)
    |   File "C:\Users\mnews\AppData\Roaming\Python\Python314\site-packages\starlette\routing.py", line 778, in app
    |     await route.handle(scope, receive, send)
    |   File "C:\Users\mnews\AppData\Roaming\Python\Python314\site-packages\starlette\routing.py", line 299, in handle
    |     await self.app(scope, receive, send)
    |   File "C:\Users\mnews\AppData\Roaming\Python\Python314\site-packages\starlette\routing.py", line 79, in app
    |     await wrap_app_handling_exceptions(app, request)(scope, receive, send)
    |   File "C:\Users\mnews\AppData\Roaming\Python\Python314\site-packages\starlette\_exception_handler.py", line 64, in wrapped_app
    |     raise exc
    |   File "C:\Users\mnews\AppData\Roaming\Python\Python314\site-packages\starlette\_exception_handler.py", line 53, in wrapped_app
    |     await app(scope, receive, sender)
    |   File "C:\Users\mnews\AppData\Roaming\Python\Python314\site-packages\starlette\routing.py", line 74, in app
    |     response = await func(request)
    |                ^^^^^^^^^^^^^^^^^^^
    |   File "C:\Users\mnews\AppData\Roaming\Python\Python314\site-packages\fastapi\routing.py", line 299, in app
    |     raise e
    |   File "C:\Users\mnews\AppData\Roaming\Python\Python314\site-packages\fastapi\routing.py", line 294, in app
    |     raw_response = await run_endpoint_function(
    |                    ^^^^^^^^^^^^^^^^^^^^^^^^^^^^
    |         dependant=dependant, values=values, is_coroutine=is_coroutine
    |         ^^^^^^^^^^^^^^^^^^^^^^^^^^^^^^^^^^^^^^^^^^^^^^^^^^^^^^^^^^^^^
    |     )
    |     ^
    |   File "C:\Users\mnews\AppData\Roaming\Python\Python314\site-packages\fastapi\routing.py", line 193, in run_endpoint_function
    |     return await run_in_threadpool(dependant.call, **values)
    |            ^^^^^^^^^^^^^^^^^^^^^^^^^^^^^^^^^^^^^^^^^^^^^^^^^
    |   File "C:\Users\mnews\AppData\Roaming\Python\Python314\site-packages\starlette\concurrency.py", line 42, in run_in_threadpool
    |     return await anyio.to_thread.run_sync(func, *args)
    |            ^^^^^^^^^^^^^^^^^^^^^^^^^^^^^^^^^^^^^^^^^^^
    |   File "C:\Users\mnews\AppData\Roaming\Python\Python314\site-packages\anyio\to_thread.py", line 61, in run_sync
    |     return await get_async_backend().run_sync_in_worker_thread(
    |            ^^^^^^^^^^^^^^^^^^^^^^^^^^^^^^^^^^^^^^^^^^^^^^^^^^^^
    |         func, args, abandon_on_cancel=abandon_on_cancel, limiter=limiter
    |         ^^^^^^^^^^^^^^^^^^^^^^^^^^^^^^^^^^^^^^^^^^^^^^^^^^^^^^^^^^^^^^^^
    |     )
    |     ^
    |   File "C:\Users\mnews\AppData\Roaming\Python\Python314\site-packages\anyio\_backends\_asyncio.py", line 2525, in run_sync_in_worker_thread
    |     return await future
    |            ^^^^^^^^^^^^
    |   File "C:\Users\mnews\AppData\Roaming\Python\Python314\site-packages\anyio\_backends\_asyncio.py", line 986, in run
    |     result = context.run(func, *args)
    |   File "c:\Users\mnews\OneDrive\Documents\AI_Projects\parole-officer-poc\backend\routers\offenders.py", line 166, in get_offenders
    |     "program": next((p.offering.title for p in db.query(models.ProgramEnrollment).options(joinedload(models.ProgramEnrollment.offering)).filter(models.ProgramEnrollment.offender_id == offender.offender_id, models.ProgramEnrollment.status == 'Active').limit(1)), "None Assigned"),
    |                ~~~~^^^^^^^^^^^^^^^^^^^^^^^^^^^^^^^^^^^^^^^^^^^^^^^^^^^^^^^^^^^^^^^^^^^^^^^^^^^^^^^^^^^^^^^^^^^^^^^^^^^^^^^^^^^^^^^^^^^^^^^^^^^^^^^^^^^^^^^^^^^^^^^^^^^^^^^^^^^^^^^^^^^^^^^^^^^^^^^^^^^^^^^^^^^^^^^^^^^^^^^^^^^^^^^^^^^^^^^^^^^^^^^^^^^^^^^^^^^^^^^^^^^^^^^^^^^^^^^^^^^
    |   File "c:\Users\mnews\OneDrive\Documents\AI_Projects\parole-officer-poc\backend\routers\offenders.py", line 166, in <genexpr>
    |     "program": next((p.offering.title for p in db.query(models.ProgramEnrollment).options(joinedload(models.ProgramEnrollment.offering)).filter(models.ProgramEnrollment.offender_id == offender.offender_id, models.ProgramEnrollment.status == 'Active').limit(1)), "None Assigned"),
    |                      ^^^^^^^^^^^^^^^^
    | AttributeError: 'ProgramOffering' object has no attribute 'title'
    +------------------------------------

During handling of the above exception, another exception occurred:

Traceback (most recent call last):
  File "C:\Users\mnews\AppData\Roaming\Python\Python314\site-packages\starlette\middleware\errors.py", line 164, in __call__
    await self.app(scope, receive, _send)
  File "C:\Users\mnews\AppData\Roaming\Python\Python314\site-packages\starlette\middleware\cors.py", line 91, in __call__
    await self.simple_response(scope, receive, send, request_headers=headers)
  File "C:\Users\mnews\AppData\Roaming\Python\Python314\site-packages\starlette\middleware\cors.py", line 146, in simple_response
    await self.app(scope, receive, send)
  File "C:\Users\mnews\AppData\Roaming\Python\Python314\site-packages\starlette\middleware\base.py", line 189, in __call__
    with collapse_excgroups():
         ~~~~~~~~~~~~~~~~~~^^
  File "C:\Python314\Lib\contextlib.py", line 162, in __exit__
    self.gen.throw(value)
    ~~~~~~~~~~~~~~^^^^^^^
  File "C:\Users\mnews\AppData\Roaming\Python\Python314\site-packages\starlette\_utils.py", line 93, in collapse_excgroups
    raise exc
  File "C:\Users\mnews\AppData\Roaming\Python\Python314\site-packages\starlette\middleware\base.py", line 191, in __call__
    response = await self.dispatch_func(request, call_next)
               ^^^^^^^^^^^^^^^^^^^^^^^^^^^^^^^^^^^^^^^^^^^^
  File "c:\Users\mnews\OneDrive\Documents\AI_Projects\parole-officer-poc\backend\main.py", line 63, in request_id_middleware
    response = await call_next(request)
               ^^^^^^^^^^^^^^^^^^^^^^^^
  File "C:\Users\mnews\AppData\Roaming\Python\Python314\site-packages\starlette\middleware\base.py", line 165, in call_next
    raise app_exc
  File "C:\Users\mnews\AppData\Roaming\Python\Python314\site-packages\starlette\middleware\base.py", line 151, in coro
    await self.app(scope, receive_or_disconnect, send_no_error)
  File "C:\Users\mnews\AppData\Roaming\Python\Python314\site-packages\starlette\middleware\exceptions.py", line 62, in __call__
    await wrap_app_handling_exceptions(self.app, conn)(scope, receive, send)
  File "C:\Users\mnews\AppData\Roaming\Python\Python314\site-packages\starlette\_exception_handler.py", line 64, in wrapped_app
    raise exc
  File "C:\Users\mnews\AppData\Roaming\Python\Python314\site-packages\starlette\_exception_handler.py", line 53, in wrapped_app
    await app(scope, receive, sender)
  File "C:\Users\mnews\AppData\Roaming\Python\Python314\site-packages\starlette\routing.py", line 758, in __call__
    await self.middleware_stack(scope, receive, send)
  File "C:\Users\mnews\AppData\Roaming\Python\Python314\site-packages\starlette\routing.py", line 778, in app
    await route.handle(scope, receive, send)
  File "C:\Users\mnews\AppData\Roaming\Python\Python314\site-packages\starlette\routing.py", line 299, in handle
    await self.app(scope, receive, send)
  File "C:\Users\mnews\AppData\Roaming\Python\Python314\site-packages\starlette\routing.py", line 79, in app
    await wrap_app_handling_exceptions(app, request)(scope, receive, send)
  File "C:\Users\mnews\AppData\Roaming\Python\Python314\site-packages\starlette\_exception_handler.py", line 64, in wrapped_app
    raise exc
  File "C:\Users\mnews\AppData\Roaming\Python\Python314\site-packages\starlette\_exception_handler.py", line 53, in wrapped_app
    await app(scope, receive, sender)
  File "C:\Users\mnews\AppData\Roaming\Python\Python314\site-packages\starlette\routing.py", line 74, in app
    response = await func(request)
               ^^^^^^^^^^^^^^^^^^^
  File "C:\Users\mnews\AppData\Roaming\Python\Python314\site-packages\fastapi\routing.py", line 299, in app
    raise e
  File "C:\Users\mnews\AppData\Roaming\Python\Python314\site-packages\fastapi\routing.py", line 294, in app
    raw_response = await run_endpoint_function(
                   ^^^^^^^^^^^^^^^^^^^^^^^^^^^^
        dependant=dependant, values=values, is_coroutine=is_coroutine
        ^^^^^^^^^^^^^^^^^^^^^^^^^^^^^^^^^^^^^^^^^^^^^^^^^^^^^^^^^^^^^
    )
    ^
  File "C:\Users\mnews\AppData\Roaming\Python\Python314\site-packages\fastapi\routing.py", line 193, in run_endpoint_function
    return await run_in_threadpool(dependant.call, **values)
           ^^^^^^^^^^^^^^^^^^^^^^^^^^^^^^^^^^^^^^^^^^^^^^^^^
  File "C:\Users\mnews\AppData\Roaming\Python\Python314\site-packages\starlette\concurrency.py", line 42, in run_in_threadpool
    return await anyio.to_thread.run_sync(func, *args)
           ^^^^^^^^^^^^^^^^^^^^^^^^^^^^^^^^^^^^^^^^^^^
  File "C:\Users\mnews\AppData\Roaming\Python\Python314\site-packages\anyio\to_thread.py", line 61, in run_sync
    return await get_async_backend().run_sync_in_worker_thread(
           ^^^^^^^^^^^^^^^^^^^^^^^^^^^^^^^^^^^^^^^^^^^^^^^^^^^^
        func, args, abandon_on_cancel=abandon_on_cancel, limiter=limiter
        ^^^^^^^^^^^^^^^^^^^^^^^^^^^^^^^^^^^^^^^^^^^^^^^^^^^^^^^^^^^^^^^^
    )
    ^
  File "C:\Users\mnews\AppData\Roaming\Python\Python314\site-packages\anyio\_backends\_asyncio.py", line 2525, in run_sync_in_worker_thread
    return await future
           ^^^^^^^^^^^^
  File "C:\Users\mnews\AppData\Roaming\Python\Python314\site-packages\anyio\_backends\_asyncio.py", line 986, in run
    result = context.run(func, *args)
  File "c:\Users\mnews\OneDrive\Documents\AI_Projects\parole-officer-poc\backend\routers\offenders.py", line 166, in get_offenders
    "program": next((p.offering.title for p in db.query(models.ProgramEnrollment).options(joinedload(models.ProgramEnrollment.offering)).filter(models.ProgramEnrollment.offender_id == offender.offender_id, models.ProgramEnrollment.status == 'Active').limit(1)), "None Assigned"),
               ~~~~^^^^^^^^^^^^^^^^^^^^^^^^^^^^^^^^^^^^^^^^^^^^^^^^^^^^^^^^^^^^^^^^^^^^^^^^^^^^^^^^^^^^^^^^^^^^^^^^^^^^^^^^^^^^^^^^^^^^^^^^^^^^^^^^^^^^^^^^^^^^^^^^^^^^^^^^^^^^^^^^^^^^^^^^^^^^^^^^^^^^^^^^^^^^^^^^^^^^^^^^^^^^^^^^^^^^^^^^^^^^^^^^^^^^^^^^^^^^^^^^^^^^^^^^^^^^^^^^^^^
  File "c:\Users\mnews\OneDrive\Documents\AI_Projects\parole-officer-poc\backend\routers\offenders.py", line 166, in <genexpr>
    "program": next((p.offering.title for p in db.query(models.ProgramEnrollment).options(joinedload(models.ProgramEnrollment.offering)).filter(models.ProgramEnrollment.offender_id == offender.offender_id, models.ProgramEnrollment.status == 'Active').limit(1)), "None Assigned"),
                     ^^^^^^^^^^^^^^^^
AttributeError: 'ProgramOffering' object has no attribute 'title'
